DEBUG:urllib3.connectionpool:Starting new HTTPS connection (1): datos.cultura.gob.ar:443
DEBUG:urllib3.connectionpool:https://datos.cultura.gob.ar:443 "GET /dataset/37305de4-3cce-4d4b-9d9a-fec3ca61d09f/archivo/4207def0-2ff7-41d5-9095-d42ae8207a5d HTTP/1.1" 200 None
DEBUG:urllib3.connectionpool:Starting new HTTPS connection (1): datos.cultura.gob.ar:443
DEBUG:urllib3.connectionpool:https://datos.cultura.gob.ar:443 "GET /dataset/37305de4-3cce-4d4b-9d9a-fec3ca61d09f/resource/4207def0-2ff7-41d5-9095-d42ae8207a5d/download/museos_datosabiertos.csv HTTP/1.1" 200 304431
DEBUG:urllib3.connectionpool:Starting new HTTPS connection (1): datos.gob.ar:443
DEBUG:urllib3.connectionpool:https://datos.gob.ar:443 "GET /dataset/cultura-mapa-cultural-espacios-culturales/archivo/cultura_392ce1a8-ef11-4776-b280-6f1c7fae16ae HTTP/1.1" 200 10263
DEBUG:urllib3.connectionpool:Starting new HTTPS connection (1): datos.cultura.gob.ar:443
DEBUG:urllib3.connectionpool:https://datos.cultura.gob.ar:443 "GET /dataset/37305de4-3cce-4d4b-9d9a-fec3ca61d09f/resource/392ce1a8-ef11-4776-b280-6f1c7fae16ae/download/cine.csv HTTP/1.1" 200 96427
DEBUG:urllib3.connectionpool:Starting new HTTPS connection (1): datos.gob.ar:443
DEBUG:urllib3.connectionpool:https://datos.gob.ar:443 "GET /dataset/cultura-mapa-cultural-espacios-culturales/archivo/cultura_01c6c048-dbeb-44e0-8efa-6944f73715d7 HTTP/1.1" 200 10290
DEBUG:urllib3.connectionpool:Starting new HTTPS connection (1): datos.cultura.gob.ar:443
DEBUG:urllib3.connectionpool:https://datos.cultura.gob.ar:443 "GET /dataset/37305de4-3cce-4d4b-9d9a-fec3ca61d09f/resource/01c6c048-dbeb-44e0-8efa-6944f73715d7/download/biblioteca_popular.csv HTTP/1.1" 200 511527
INFO:root:Se crearon los archivos sin fallas, siempre chequear las etiquetas html para dar con los links de descarga 
INFO:root:Se corrio el programa sin problemas
INFO:root:Se corrio el programa sin problemas
INFO:root:Se corrio el programa sin problemas
DEBUG:urllib3.connectionpool:Starting new HTTPS connection (1): datos.cultura.gob.ar:443
DEBUG:urllib3.connectionpool:https://datos.cultura.gob.ar:443 "GET /dataset/37305de4-3cce-4d4b-9d9a-fec3ca61d09f/archivo/4207def0-2ff7-41d5-9095-d42ae8207a5d HTTP/1.1" 200 None
DEBUG:urllib3.connectionpool:Starting new HTTPS connection (1): datos.cultura.gob.ar:443
DEBUG:urllib3.connectionpool:https://datos.cultura.gob.ar:443 "GET /dataset/37305de4-3cce-4d4b-9d9a-fec3ca61d09f/resource/4207def0-2ff7-41d5-9095-d42ae8207a5d/download/museos_datosabiertos.csv HTTP/1.1" 200 304431
DEBUG:urllib3.connectionpool:Starting new HTTPS connection (1): datos.gob.ar:443
DEBUG:urllib3.connectionpool:https://datos.gob.ar:443 "GET /dataset/cultura-mapa-cultural-espacios-culturales/archivo/cultura_392ce1a8-ef11-4776-b280-6f1c7fae16ae HTTP/1.1" 200 10507
DEBUG:urllib3.connectionpool:Starting new HTTPS connection (1): datos.cultura.gob.ar:443
DEBUG:urllib3.connectionpool:https://datos.cultura.gob.ar:443 "GET /dataset/37305de4-3cce-4d4b-9d9a-fec3ca61d09f/resource/392ce1a8-ef11-4776-b280-6f1c7fae16ae/download/cine.csv HTTP/1.1" 200 96427
DEBUG:urllib3.connectionpool:Starting new HTTPS connection (1): datos.gob.ar:443
DEBUG:urllib3.connectionpool:https://datos.gob.ar:443 "GET /dataset/cultura-mapa-cultural-espacios-culturales/archivo/cultura_01c6c048-dbeb-44e0-8efa-6944f73715d7 HTTP/1.1" 200 10528
DEBUG:urllib3.connectionpool:Starting new HTTPS connection (1): datos.cultura.gob.ar:443
DEBUG:urllib3.connectionpool:https://datos.cultura.gob.ar:443 "GET /dataset/37305de4-3cce-4d4b-9d9a-fec3ca61d09f/resource/01c6c048-dbeb-44e0-8efa-6944f73715d7/download/biblioteca_popular.csv HTTP/1.1" 200 511527
INFO:root:Se crearon los archivos sin fallas, siempre chequear las etiquetas html para dar con los links de descarga 
INFO:root:Se corrio el programa sin problemas
INFO:root:Se corrio el programa sin problemas
INFO:root:Se corrio el programa sin problemas
DEBUG:urllib3.connectionpool:Starting new HTTPS connection (1): datos.cultura.gob.ar:443
DEBUG:urllib3.connectionpool:https://datos.cultura.gob.ar:443 "GET /dataset/37305de4-3cce-4d4b-9d9a-fec3ca61d09f/archivo/4207def0-2ff7-41d5-9095-d42ae8207a5d HTTP/1.1" 200 None
DEBUG:urllib3.connectionpool:Starting new HTTPS connection (1): datos.cultura.gob.ar:443
DEBUG:urllib3.connectionpool:https://datos.cultura.gob.ar:443 "GET /dataset/37305de4-3cce-4d4b-9d9a-fec3ca61d09f/resource/4207def0-2ff7-41d5-9095-d42ae8207a5d/download/museos_datosabiertos.csv HTTP/1.1" 200 304431
DEBUG:urllib3.connectionpool:Starting new HTTPS connection (1): datos.gob.ar:443
DEBUG:urllib3.connectionpool:https://datos.gob.ar:443 "GET /dataset/cultura-mapa-cultural-espacios-culturales/archivo/cultura_392ce1a8-ef11-4776-b280-6f1c7fae16ae HTTP/1.1" 200 10501
DEBUG:urllib3.connectionpool:Starting new HTTPS connection (1): datos.cultura.gob.ar:443
DEBUG:urllib3.connectionpool:https://datos.cultura.gob.ar:443 "GET /dataset/37305de4-3cce-4d4b-9d9a-fec3ca61d09f/resource/392ce1a8-ef11-4776-b280-6f1c7fae16ae/download/cine.csv HTTP/1.1" 200 96427
DEBUG:urllib3.connectionpool:Starting new HTTPS connection (1): datos.gob.ar:443
DEBUG:urllib3.connectionpool:https://datos.gob.ar:443 "GET /dataset/cultura-mapa-cultural-espacios-culturales/archivo/cultura_01c6c048-dbeb-44e0-8efa-6944f73715d7 HTTP/1.1" 200 10528
DEBUG:urllib3.connectionpool:Starting new HTTPS connection (1): datos.cultura.gob.ar:443
DEBUG:urllib3.connectionpool:https://datos.cultura.gob.ar:443 "GET /dataset/37305de4-3cce-4d4b-9d9a-fec3ca61d09f/resource/01c6c048-dbeb-44e0-8efa-6944f73715d7/download/biblioteca_popular.csv HTTP/1.1" 200 511527
INFO:root:Se crearon los archivos sin fallas, siempre chequear las etiquetas html para dar con los links de descarga 
INFO:root:Se corrio el programa sin problemas
INFO:root:Se corrio el programa sin problemas
INFO:root:Se corrio el programa sin problemas
INFO:root:Se corrio el programa sin problemas
DEBUG:urllib3.connectionpool:Starting new HTTPS connection (1): datos.cultura.gob.ar:443
DEBUG:urllib3.connectionpool:https://datos.cultura.gob.ar:443 "GET /dataset/37305de4-3cce-4d4b-9d9a-fec3ca61d09f/archivo/4207def0-2ff7-41d5-9095-d42ae8207a5d HTTP/1.1" 200 None
DEBUG:urllib3.connectionpool:Starting new HTTPS connection (1): datos.cultura.gob.ar:443
DEBUG:urllib3.connectionpool:https://datos.cultura.gob.ar:443 "GET /dataset/37305de4-3cce-4d4b-9d9a-fec3ca61d09f/resource/4207def0-2ff7-41d5-9095-d42ae8207a5d/download/museos_datosabiertos.csv HTTP/1.1" 200 304431
DEBUG:urllib3.connectionpool:Starting new HTTPS connection (1): datos.gob.ar:443
DEBUG:urllib3.connectionpool:https://datos.gob.ar:443 "GET /dataset/cultura-mapa-cultural-espacios-culturales/archivo/cultura_392ce1a8-ef11-4776-b280-6f1c7fae16ae HTTP/1.1" 200 10509
DEBUG:urllib3.connectionpool:Starting new HTTPS connection (1): datos.cultura.gob.ar:443
DEBUG:urllib3.connectionpool:https://datos.cultura.gob.ar:443 "GET /dataset/37305de4-3cce-4d4b-9d9a-fec3ca61d09f/resource/392ce1a8-ef11-4776-b280-6f1c7fae16ae/download/cine.csv HTTP/1.1" 200 96427
DEBUG:urllib3.connectionpool:Starting new HTTPS connection (1): datos.gob.ar:443
DEBUG:urllib3.connectionpool:https://datos.gob.ar:443 "GET /dataset/cultura-mapa-cultural-espacios-culturales/archivo/cultura_01c6c048-dbeb-44e0-8efa-6944f73715d7 HTTP/1.1" 200 10538
DEBUG:urllib3.connectionpool:Starting new HTTPS connection (1): datos.cultura.gob.ar:443
DEBUG:urllib3.connectionpool:https://datos.cultura.gob.ar:443 "GET /dataset/37305de4-3cce-4d4b-9d9a-fec3ca61d09f/resource/01c6c048-dbeb-44e0-8efa-6944f73715d7/download/biblioteca_popular.csv HTTP/1.1" 200 511527
INFO:root:Se crearon los archivos sin fallas, siempre chequear las etiquetas html para dar con los links de descarga 
INFO:root:Se corrio el programa sin problemas
INFO:root:Se corrio el programa sin problemas
INFO:root:Se corrio el programa sin problemas
DEBUG:urllib3.connectionpool:Starting new HTTPS connection (1): datos.cultura.gob.ar:443
DEBUG:urllib3.connectionpool:https://datos.cultura.gob.ar:443 "GET /dataset/37305de4-3cce-4d4b-9d9a-fec3ca61d09f/archivo/4207def0-2ff7-41d5-9095-d42ae8207a5d HTTP/1.1" 200 None
DEBUG:urllib3.connectionpool:Starting new HTTPS connection (1): datos.cultura.gob.ar:443
DEBUG:urllib3.connectionpool:https://datos.cultura.gob.ar:443 "GET /dataset/37305de4-3cce-4d4b-9d9a-fec3ca61d09f/resource/4207def0-2ff7-41d5-9095-d42ae8207a5d/download/museos_datosabiertos.csv HTTP/1.1" 200 304431
DEBUG:urllib3.connectionpool:Starting new HTTPS connection (1): datos.gob.ar:443
DEBUG:urllib3.connectionpool:https://datos.gob.ar:443 "GET /dataset/cultura-mapa-cultural-espacios-culturales/archivo/cultura_392ce1a8-ef11-4776-b280-6f1c7fae16ae HTTP/1.1" 200 10503
DEBUG:urllib3.connectionpool:Starting new HTTPS connection (1): datos.cultura.gob.ar:443
DEBUG:urllib3.connectionpool:https://datos.cultura.gob.ar:443 "GET /dataset/37305de4-3cce-4d4b-9d9a-fec3ca61d09f/resource/392ce1a8-ef11-4776-b280-6f1c7fae16ae/download/cine.csv HTTP/1.1" 200 None
DEBUG:urllib3.connectionpool:Starting new HTTPS connection (1): datos.gob.ar:443
DEBUG:urllib3.connectionpool:https://datos.gob.ar:443 "GET /dataset/cultura-mapa-cultural-espacios-culturales/archivo/cultura_01c6c048-dbeb-44e0-8efa-6944f73715d7 HTTP/1.1" 200 10528
DEBUG:urllib3.connectionpool:Starting new HTTPS connection (1): datos.cultura.gob.ar:443
DEBUG:urllib3.connectionpool:https://datos.cultura.gob.ar:443 "GET /dataset/37305de4-3cce-4d4b-9d9a-fec3ca61d09f/resource/01c6c048-dbeb-44e0-8efa-6944f73715d7/download/biblioteca_popular.csv HTTP/1.1" 200 511527
INFO:root:Se crearon los archivos sin fallas, siempre chequear las etiquetas html para dar con los links de descarga 
INFO:root:Se corrio el programa sin problemas
INFO:root:Se corrio el programa sin problemas
INFO:root:Se corrio el programa sin problemas
DEBUG:urllib3.connectionpool:Starting new HTTPS connection (1): datos.cultura.gob.ar:443
DEBUG:urllib3.connectionpool:https://datos.cultura.gob.ar:443 "GET /dataset/37305de4-3cce-4d4b-9d9a-fec3ca61d09f/archivo/4207def0-2ff7-41d5-9095-d42ae8207a5d HTTP/1.1" 200 None
DEBUG:urllib3.connectionpool:Starting new HTTPS connection (1): datos.cultura.gob.ar:443
DEBUG:urllib3.connectionpool:https://datos.cultura.gob.ar:443 "GET /dataset/37305de4-3cce-4d4b-9d9a-fec3ca61d09f/resource/4207def0-2ff7-41d5-9095-d42ae8207a5d/download/museos_datosabiertos.csv HTTP/1.1" 200 None
DEBUG:urllib3.connectionpool:Starting new HTTPS connection (1): datos.gob.ar:443
DEBUG:urllib3.connectionpool:https://datos.gob.ar:443 "GET /dataset/cultura-mapa-cultural-espacios-culturales/archivo/cultura_392ce1a8-ef11-4776-b280-6f1c7fae16ae HTTP/1.1" 200 10502
DEBUG:urllib3.connectionpool:Starting new HTTPS connection (1): datos.cultura.gob.ar:443
DEBUG:urllib3.connectionpool:https://datos.cultura.gob.ar:443 "GET /dataset/37305de4-3cce-4d4b-9d9a-fec3ca61d09f/resource/392ce1a8-ef11-4776-b280-6f1c7fae16ae/download/cine.csv HTTP/1.1" 200 96427
DEBUG:urllib3.connectionpool:Starting new HTTPS connection (1): datos.gob.ar:443
DEBUG:urllib3.connectionpool:https://datos.gob.ar:443 "GET /dataset/cultura-mapa-cultural-espacios-culturales/archivo/cultura_01c6c048-dbeb-44e0-8efa-6944f73715d7 HTTP/1.1" 200 10537
DEBUG:urllib3.connectionpool:Starting new HTTPS connection (1): datos.cultura.gob.ar:443
DEBUG:urllib3.connectionpool:https://datos.cultura.gob.ar:443 "GET /dataset/37305de4-3cce-4d4b-9d9a-fec3ca61d09f/resource/01c6c048-dbeb-44e0-8efa-6944f73715d7/download/biblioteca_popular.csv HTTP/1.1" 200 511527
INFO:root:Se crearon los archivos sin fallas, siempre chequear las etiquetas html para dar con los links de descarga 
INFO:root:Se corrio el programa sin problemas
INFO:root:Se corrio el programa sin problemas
INFO:root:Se corrio el programa sin problemas
